2026-04-08 00:00:06, EXEC, v:1, k:ed@triangulo, mode:LOCK, size:57, fail:COMP
2026-04-08 00:00:08, EXEC, v:1, k:ed@triangulo, mode:FULL, fail:COMP
2026-04-08 00:00:09, EXEC, v:1, k:ed@triangulo, mode:FULL, fail:COMP
2026-04-08 00:03:27, EXEC, v:1, k:ed@triangulo, mode:FULL, rate:0, size:64
2026-04-08 00:04:17, EXEC, v:1, k:ed@triangulo, mode:FULL, size:57, fail:COMP
2026-04-08 00:07:13, EXEC, v:1, k:ed@triangulo, mode:FULL, size:63, fail:COMP
2026-04-08 00:09:01, EXEC, v:1, k:ed@triangulo, mode:FULL, rate:0, size:63
2026-04-08 00:10:36, EXEC, v:1, k:ed@triangulo, mode:FULL, rate:0, size:62
2026-04-08 00:10:59, EXEC, v:1, k:ed@triangulo, mode:FULL, rate:100, size:68
2026-04-08 00:11:06, MOVE, v:1, k:ed@triangulo, mode:BACK
2026-04-08 00:12:06, SELF, v:1, k:ed@triangulo, self:1, rate:100, study:60, concept:1, debug:1
2026-04-08 00:12:34, SELF, v:1, k:ed@triangulo, self:1, rate:100, study:60, concept:1, debug:1
2026-04-08 00:12:35, MOVE, v:1, k:ed@triangulo, mode:PICK
2026-04-08 00:12:36, EXEC, v:1, k:ed@triangulo, mode:FULL, rate:100
2026-04-08 00:12:36, MOVE, v:1, k:ed@triangulo, mode:BACK
2026-04-08 00:13:41, SELF, v:1, k:ed@queimada, self:1, rate:100, study:30, guided:1, concept:1
2026-04-08 00:13:49, MOVE, v:1, k:ed@vetequals, mode:PICK
2026-04-08 00:13:50, EXEC, v:1, k:ed@vetequals, mode:FULL, rate:70
2026-04-08 00:15:39, EXEC, v:1, k:ed@vetequals, mode:FULL, rate:70, size:59
2026-04-08 00:16:38, EXEC, v:1, k:ed@vetequals, mode:FULL, rate:70, size:58
2026-04-08 00:16:41, MOVE, v:1, k:ed@vetequals, mode:BACK
2026-04-08 00:17:39, MOVE, v:1, k:ed@resto, mode:PICK
2026-04-08 00:18:09, MOVE, v:1, k:ed@resto, mode:BACK
