2026-03-31 00:17:46, MOVE, v:1, k:ed@princesa, mode:PICK
2026-03-31 00:17:47, EXEC, v:1, k:ed@princesa, mode:FULL, rate:0
2026-03-31 00:20:48, EXEC, v:1, k:ed@princesa, mode:FULL, rate:0, size:15
2026-03-31 00:22:07, EXEC, v:1, k:ed@princesa, mode:FULL, rate:0, size:15
2026-03-31 00:22:37, EXEC, v:1, k:ed@princesa, mode:FULL, rate:0, size:15
2026-03-31 00:27:53, EXEC, v:1, k:ed@princesa, mode:FULL, rate:0, size:15
2026-03-31 00:29:11, EXEC, v:1, k:ed@princesa, mode:FULL, rate:0
2026-03-31 00:29:45, EXEC, v:1, k:ed@princesa, mode:FULL, rate:0, size:15
2026-03-31 00:30:19, EXEC, v:1, k:ed@princesa, mode:FULL, rate:0, size:18
2026-03-31 00:30:55, EXEC, v:1, k:ed@princesa, mode:FULL, rate:0, size:15
2026-03-31 00:31:14, EXEC, v:1, k:ed@princesa, mode:FULL, rate:0, size:18
2026-03-31 00:34:29, EXEC, v:1, k:ed@princesa, mode:FREE, size:24
2026-03-31 00:35:02, MOVE, v:1, k:ed@princesa, mode:PICK
2026-03-31 00:35:03, EXEC, v:1, k:ed@princesa, mode:FULL, rate:0
2026-03-31 00:37:07, EXEC, v:1, k:ed@princesa, mode:FULL, rate:0, size:24
2026-03-31 00:46:19, EXEC, v:1, k:ed@princesa, mode:FULL, size:26, fail:COMP
2026-03-31 00:47:04, EXEC, v:1, k:ed@princesa, mode:FULL, rate:0, size:16
2026-03-31 00:50:45, EXEC, v:1, k:ed@princesa, mode:FULL, rate:0, size:27
2026-03-31 00:50:52, MOVE, v:1, k:ed@princesa, mode:BACK
2026-03-31 00:50:56, MOVE, v:1, k:ed@princesa, mode:PICK
2026-03-31 00:50:59, EXEC, v:1, k:ed@princesa, mode:FULL, rate:0
2026-03-31 00:51:10, EXEC, v:1, k:ed@princesa, mode:FULL, rate:0
2026-03-31 00:53:07, EXEC, v:1, k:ed@princesa, mode:FULL, rate:0, size:33
2026-03-31 00:53:47, EXEC, v:1, k:ed@princesa, mode:FULL, rate:0
2026-03-31 00:57:44, EXEC, v:1, k:ed@princesa, mode:FULL, rate:0, size:33
2026-03-31 00:57:59, EXEC, v:1, k:ed@princesa, mode:FULL, rate:0, size:33
2026-03-31 00:58:19, EXEC, v:1, k:ed@princesa, mode:FULL, rate:0, size:26
2026-03-31 00:58:30, EXEC, v:1, k:ed@princesa, mode:FULL, rate:0, size:28
2026-03-31 00:59:16, EXEC, v:1, k:ed@princesa, mode:FULL, rate:0, size:35
2026-03-31 01:01:41, EXEC, v:1, k:ed@princesa, mode:FULL, rate:0, size:36
2026-03-31 01:02:24, EXEC, v:1, k:ed@princesa, mode:FULL, rate:0, size:36
2026-03-31 01:02:33, EXEC, v:1, k:ed@princesa, mode:FULL, rate:0, size:36
2026-03-31 01:02:53, EXEC, v:1, k:ed@princesa, mode:FULL, rate:0, size:36
2026-03-31 01:03:00, EXEC, v:1, k:ed@princesa, mode:FULL, rate:100, size:36
2026-03-31 01:03:08, MOVE, v:1, k:ed@princesa, mode:BACK
2026-03-31 01:03:47, SELF, v:1, k:ed@princesa, self:1, rate:100, study:180, code:1
2026-03-31 01:04:11, MOVE, v:1, k:ed@apagando, mode:PICK
2026-03-31 01:04:12, EXEC, v:1, k:ed@apagando, mode:FULL, rate:100
2026-03-31 01:04:15, MOVE, v:1, k:ed@apagando, mode:BACK
