2026-03-22 13:09:37, SELF, v:1, k:ed@mumia, self:1, rate:100, study:19, concept:1, debug:1
2026-03-22 13:09:43, MOVE, v:1, k:ed@mumia, mode:PICK
2026-03-22 13:09:44, EXEC, v:1, k:ed@mumia, mode:FULL, rate:100
2026-03-22 13:09:47, MOVE, v:1, k:ed@mumia, mode:BACK
2026-03-22 13:09:50, MOVE, v:1, k:ed@mumia, mode:PICK
2026-03-22 13:09:51, MOVE, v:1, k:ed@mumia, mode:BACK
2026-03-22 13:10:01, SELF, v:1, k:ed@mumia, self:1, rate:100, study:19, concept:1, debug:1
2026-03-22 13:10:32, SELF, v:1, k:ed@fuga, self:1, rate:100, study:41, concept:1
2026-03-22 13:10:48, SELF, v:1, k:ed@mumia, self:1, rate:100, study:20, concept:1
2026-03-22 13:10:50, MOVE, v:1, k:ed@pedra, mode:PICK
2026-03-22 13:10:52, MOVE, v:1, k:ed@pedra, mode:BACK
2026-03-22 13:12:44, MOVE, v:1, k:ed@pedra, mode:PICK
2026-03-22 13:12:45, EXEC, v:1, k:ed@pedra, mode:FULL, rate:0, size:6
2026-03-22 13:12:52, MOVE, v:1, k:ed@pedra, mode:BACK
2026-03-22 13:15:15, MOVE, v:1, k:ed@pedra, mode:PICK
2026-03-22 13:15:16, EXEC, v:1, k:ed@pedra, mode:FULL, rate:0
2026-03-22 13:15:16, EXEC, v:1, k:ed@pedra, mode:FULL, rate:0
2026-03-22 13:15:17, MOVE, v:1, k:ed@pedra, mode:BACK
2026-03-22 13:21:28, MOVE, v:1, k:ed@pedra, mode:PICK
2026-03-22 13:21:29, EXEC, v:1, k:ed@pedra, mode:FULL, rate:0, size:15
2026-03-22 13:22:07, MOVE, v:1, k:ed@pedra, mode:BACK
2026-03-22 13:33:09, MOVE, v:1, k:ed@pedra, mode:PICK
2026-03-22 13:33:10, EXEC, v:1, k:ed@pedra, mode:FULL, rate:0, size:21
2026-03-22 13:33:13, MOVE, v:1, k:ed@pedra, mode:BACK
2026-03-22 13:46:09, MOVE, v:1, k:ed@pedra, mode:PICK
2026-03-22 13:46:10, EXEC, v:1, k:ed@pedra, mode:FULL, rate:25, size:52
2026-03-22 13:46:52, EXEC, v:1, k:ed@pedra, mode:FULL, rate:25
2026-03-22 14:39:57, EXEC, v:1, k:ed@pedra, mode:FULL, rate:100, size:52
2026-03-22 14:40:11, MOVE, v:1, k:ed@pedra, mode:BACK
2026-03-22 14:40:49, SELF, v:1, k:ed@pedra, self:1, rate:100, study:230, guided:1, concept:1
2026-03-22 14:40:53, MOVE, v:1, k:ed@pedra, mode:PICK
2026-03-22 14:40:55, MOVE, v:1, k:ed@pedra, mode:BACK
2026-03-22 14:41:28, MOVE, v:1, k:ed@casais, mode:DOWN
2026-03-22 14:41:41, MOVE, v:1, k:ed@casais, mode:PICK
2026-03-22 14:43:15, EXEC, v:1, k:ed@casais, mode:FULL, rate:0, size:7
2026-03-22 14:47:30, EXEC, v:1, k:ed@casais, mode:FULL, rate:0, size:14
2026-03-22 14:47:47, EXEC, v:1, k:ed@casais, mode:FULL, rate:0, size:14
2026-03-22 14:51:15, EXEC, v:1, k:ed@casais, mode:FULL, rate:0, size:14
2026-03-22 14:55:28, EXEC, v:1, k:ed@casais, mode:FULL, size:24, fail:COMP
2026-03-22 14:55:49, EXEC, v:1, k:ed@casais, mode:FULL, rate:25, size:22
2026-03-22 14:55:58, EXEC, v:1, k:ed@casais, mode:FULL, rate:0, size:22
2026-03-22 15:03:49, EXEC, v:1, k:ed@casais, mode:FULL, rate:0, size:33
2026-03-22 15:04:16, EXEC, v:1, k:ed@casais, mode:FULL, rate:100, size:35
2026-03-22 15:06:32, EXEC, v:1, k:ed@casais, mode:FULL, rate:0, size:36
2026-03-22 15:06:39, EXEC, v:1, k:ed@casais, mode:FULL, rate:100, size:36
2026-03-22 15:06:44, MOVE, v:1, k:ed@casais, mode:BACK
2026-03-22 15:07:16, SELF, v:1, k:ed@casais, self:1, rate:100, study:25, guided:1, concept:1
2026-03-22 15:09:20, MOVE, v:1, k:ed@baruel, mode:DOWN
2026-03-22 15:09:35, MOVE, v:1, k:ed@gomos, mode:DOWN
2026-03-22 15:09:37, MOVE, v:1, k:ed@casais, mode:PICK
2026-03-22 15:09:37, EXEC, v:1, k:ed@casais, mode:FULL, rate:100
2026-03-22 15:09:38, MOVE, v:1, k:ed@casais, mode:BACK
2026-03-22 15:09:42, MOVE, v:1, k:ed@casais, mode:PICK
2026-03-22 15:11:35, EXEC, v:1, k:ed@casais, mode:FULL, rate:100
2026-03-22 15:11:36, MOVE, v:1, k:ed@casais, mode:BACK
2026-03-22 15:12:32, MOVE, v:1, k:ed@baruel, mode:PICK
2026-03-22 15:12:33, EXEC, v:1, k:ed@baruel, mode:FULL, rate:0, size:5
2026-03-22 15:12:35, MOVE, v:1, k:ed@baruel, mode:BACK
2026-03-22 15:12:36, MOVE, v:1, k:ed@baruel, mode:PICK
2026-03-22 15:12:37, EXEC, v:1, k:ed@baruel, mode:FULL, rate:0
2026-03-22 15:15:16, EXEC, v:1, k:ed@baruel, mode:FULL, rate:0, size:8
2026-03-22 15:15:17, MOVE, v:1, k:ed@baruel, mode:BACK
2026-03-22 15:15:19, MOVE, v:1, k:ed@casais, mode:PICK
2026-03-22 15:15:20, EXEC, v:1, k:ed@casais, mode:FULL, rate:100
2026-03-22 15:15:20, MOVE, v:1, k:ed@casais, mode:BACK
2026-03-22 15:15:22, MOVE, v:1, k:ed@casais, mode:PICK
2026-03-22 15:15:22, EXEC, v:1, k:ed@casais, mode:FULL, rate:100
2026-03-22 15:15:23, MOVE, v:1, k:ed@casais, mode:BACK
2026-03-22 15:15:28, MOVE, v:1, k:ed@baruel, mode:PICK
2026-03-22 15:15:29, EXEC, v:1, k:ed@baruel, mode:FULL, rate:0
2026-03-22 15:17:29, EXEC, v:1, k:ed@baruel, mode:FULL, rate:0
2026-03-22 15:17:29, MOVE, v:1, k:ed@baruel, mode:BACK
2026-03-22 15:17:30, MOVE, v:1, k:ed@baruel, mode:PICK
2026-03-22 15:17:31, EXEC, v:1, k:ed@baruel, mode:FULL, rate:0
2026-03-22 15:18:38, EXEC, v:1, k:ed@baruel, mode:FULL, rate:0
2026-03-22 15:18:38, MOVE, v:1, k:ed@baruel, mode:BACK
2026-03-22 15:20:38, MOVE, v:1, k:ed@baruel, mode:PICK
2026-03-22 15:20:38, EXEC, v:1, k:ed@baruel, mode:FULL, rate:0
2026-03-22 15:23:41, EXEC, v:1, k:ed@baruel, mode:FULL, rate:0, size:15
2026-03-22 15:26:42, EXEC, v:1, k:ed@baruel, mode:FULL, size:24, fail:COMP
2026-03-22 15:27:52, EXEC, v:1, k:ed@baruel, mode:FULL, size:23, fail:COMP
2026-03-22 15:29:37, EXEC, v:1, k:ed@baruel, mode:FULL, rate:0, size:25
2026-03-22 15:30:17, EXEC, v:1, k:ed@baruel, mode:FULL, rate:0, size:27
2026-03-22 15:30:51, EXEC, v:1, k:ed@baruel, mode:FULL, rate:0, size:27
2026-03-22 15:30:59, EXEC, v:1, k:ed@baruel, mode:FULL, rate:0
2026-03-22 15:34:02, EXEC, v:1, k:ed@baruel, mode:FULL, rate:0, size:28
2026-03-22 15:34:37, EXEC, v:1, k:ed@baruel, mode:FULL, rate:0, size:31
2026-03-22 15:34:51, EXEC, v:1, k:ed@baruel, mode:FULL, rate:25, size:31
2026-03-22 15:39:36, EXEC, v:1, k:ed@baruel, mode:FULL, rate:50, size:45
2026-03-22 15:40:33, EXEC, v:1, k:ed@baruel, mode:FULL, rate:75, size:46
2026-03-22 15:41:22, EXEC, v:1, k:ed@baruel, mode:FULL, rate:75, size:45
2026-03-22 15:42:58, EXEC, v:1, k:ed@baruel, mode:FULL, rate:75
2026-03-22 15:46:35, EXEC, v:1, k:ed@baruel, mode:FULL, rate:75, size:45
2026-03-22 15:46:52, EXEC, v:1, k:ed@baruel, mode:FULL, rate:75
2026-03-22 15:52:27, EXEC, v:1, k:ed@baruel, mode:FULL, rate:100, size:45
2026-03-22 15:52:30, MOVE, v:1, k:ed@baruel, mode:BACK
2026-03-22 15:52:44, SELF, v:1, k:ed@baruel, self:1, rate:100, study:39, guided:1, concept:1
2026-03-22 15:52:52, MOVE, v:1, k:ed@gomos, mode:PICK
2026-03-22 15:52:56, EXEC, v:1, k:ed@gomos, mode:FULL, rate:0, size:5
2026-03-22 15:53:45, MOVE, v:1, k:ed@gomos, mode:BACK
2026-03-22 15:53:46, MOVE, v:1, k:ed@baruel, mode:PICK
2026-03-22 15:53:47, EXEC, v:1, k:ed@baruel, mode:FULL, rate:100
2026-03-22 15:53:51, EXEC, v:1, k:ed@baruel, mode:FULL, rate:100
2026-03-22 15:53:54, EXEC, v:1, k:ed@baruel, mode:FULL, rate:75, size:45
2026-03-22 16:09:51, EXEC, v:1, k:ed@baruel, mode:FULL, rate:100, size:45
2026-03-22 16:09:55, MOVE, v:1, k:ed@baruel, mode:BACK
2026-03-22 17:09:08, MOVE, v:1, k:ed@gomos, mode:PICK
2026-03-22 17:09:09, EXEC, v:1, k:ed@gomos, mode:FULL, rate:0
2026-03-22 17:09:09, EXEC, v:1, k:ed@gomos, mode:FULL, rate:0
2026-03-22 17:09:10, MOVE, v:1, k:ed@gomos, mode:BACK
2026-03-22 22:03:48, MOVE, v:1, k:ed@gomos, mode:PICK
2026-03-22 22:03:48, EXEC, v:1, k:ed@gomos, mode:FULL, rate:0
2026-03-22 22:03:49, MOVE, v:1, k:ed@gomos, mode:BACK
2026-03-22 22:03:50, MOVE, v:1, k:ed@gomos, mode:PICK
2026-03-22 22:03:53, EXEC, v:1, k:ed@gomos, mode:FULL, rate:0
2026-03-22 22:10:52, EXEC, v:1, k:ed@gomos, mode:FULL, rate:0, size:9
2026-03-22 22:11:10, EXEC, v:1, k:ed@gomos, mode:FULL, rate:0, size:9
2026-03-22 22:13:08, EXEC, v:1, k:ed@gomos, mode:FULL, rate:0, size:18
2026-03-22 22:14:16, EXEC, v:1, k:ed@gomos, mode:FULL, rate:0, size:20
2026-03-22 22:15:18, EXEC, v:1, k:ed@gomos, mode:FULL, rate:16, size:23
2026-03-22 22:16:11, EXEC, v:1, k:ed@gomos, mode:FULL, rate:16
2026-03-22 22:24:56, EXEC, v:1, k:ed@gomos, mode:FULL, size:38, fail:COMP
2026-03-22 22:25:21, EXEC, v:1, k:ed@gomos, mode:FULL, rate:0, size:40
2026-03-22 22:25:36, EXEC, v:1, k:ed@gomos, mode:FULL, rate:0, size:40
2026-03-22 22:27:34, EXEC, v:1, k:ed@gomos, mode:FULL, rate:0, size:30
2026-03-22 22:28:00, EXEC, v:1, k:ed@gomos, mode:FULL, rate:0, size:32
2026-03-22 22:31:01, EXEC, v:1, k:ed@gomos, mode:FULL, rate:0, size:37
2026-03-22 22:31:14, EXEC, v:1, k:ed@gomos, mode:FULL, rate:16, size:37
2026-03-22 22:39:47, EXEC, v:1, k:ed@gomos, mode:FULL, rate:50, size:45
2026-03-22 22:40:39, EXEC, v:1, k:ed@gomos, mode:FULL, rate:50, size:46
2026-03-22 22:41:12, EXEC, v:1, k:ed@gomos, mode:FULL, rate:50
2026-03-22 22:41:31, EXEC, v:1, k:ed@gomos, mode:FULL, rate:100, size:46
2026-03-22 22:42:24, MOVE, v:1, k:ed@gomos, mode:BACK
2026-03-22 22:43:37, SELF, v:1, k:ed@gomos, self:1, rate:100, study:70, code:1
2026-03-22 22:43:50, MOVE, v:1, k:ed@gomos, mode:PICK
2026-03-22 22:43:51, EXEC, v:1, k:ed@gomos, mode:FULL, rate:100
2026-03-22 22:43:52, EXEC, v:1, k:ed@gomos, mode:FULL, rate:100
2026-03-22 22:43:53, MOVE, v:1, k:ed@gomos, mode:BACK
2026-03-22 22:44:01, SELF, v:1, k:ed@gomos, self:1, rate:100, study:70, code:1
2026-03-22 22:44:02, MOVE, v:1, k:ed@gomos, mode:PICK
2026-03-22 22:44:03, MOVE, v:1, k:ed@gomos, mode:BACK
2026-03-22 22:44:08, SELF, v:1, k:ed@gomos, self:1, rate:100, study:70, concept:1
2026-03-22 22:44:09, MOVE, v:1, k:ed@gomos, mode:PICK
2026-03-22 22:44:10, EXEC, v:1, k:ed@gomos, mode:FULL, rate:100
2026-03-22 22:44:19, SELF, v:1, k:ed@gomos, self:1, rate:100, study:70, code:1
2026-03-22 22:44:20, MOVE, v:1, k:ed@gomos, mode:BACK
2026-03-22 22:44:28, MOVE, v:1, k:ed@casais, mode:PICK
2026-03-22 22:44:29, MOVE, v:1, k:ed@casais, mode:BACK
