2026-04-07 00:01:50, EXEC, v:1, k:ed@treinando, mode:FULL, rate:33, size:94
2026-04-07 00:02:16, EXEC, v:1, k:ed@treinando, mode:FULL, rate:33, size:94
2026-04-07 00:02:23, EXEC, v:1, k:ed@treinando, mode:FULL, rate:33, size:94
2026-04-07 00:03:05, EXEC, v:1, k:ed@treinando, mode:FULL, rate:33, size:94
2026-04-07 00:04:30, EXEC, v:1, k:ed@treinando, mode:FULL, rate:33, size:95
2026-04-07 00:17:49, EXEC, v:1, k:ed@treinando, mode:FULL, size:96, fail:COMP
2026-04-07 00:17:57, EXEC, v:1, k:ed@treinando, mode:FULL, rate:33, size:96
2026-04-07 00:24:40, EXEC, v:1, k:ed@treinando, mode:FULL, rate:33, size:100
2026-04-07 00:25:20, EXEC, v:1, k:ed@treinando, mode:FULL, rate:33, size:100
2026-04-07 00:25:33, EXEC, v:1, k:ed@treinando, mode:FULL, rate:33, size:100
2026-04-07 00:25:43, EXEC, v:1, k:ed@treinando, mode:FULL, rate:33, size:100
2026-04-07 00:25:58, EXEC, v:1, k:ed@treinando, mode:FULL, rate:33, size:100
2026-04-07 00:26:15, MOVE, v:1, k:ed@treinando, mode:BACK
2026-04-07 00:26:17, MOVE, v:1, k:ed@treinando, mode:PICK
2026-04-07 00:26:18, EXEC, v:1, k:ed@treinando, mode:FULL, rate:33, size:100
2026-04-07 00:26:18, MOVE, v:1, k:ed@treinando, mode:BACK
2026-04-07 00:27:25, MOVE, v:1, k:ed@queimada, mode:PICK
2026-04-07 00:27:27, EXEC, v:1, k:ed@queimada, mode:FULL, rate:14, size:38
2026-04-07 00:43:14, EXEC, v:1, k:ed@queimada, mode:FULL, rate:14, size:51
2026-04-07 00:46:09, EXEC, v:1, k:ed@queimada, mode:FULL, size:55, fail:COMP
2026-04-07 00:46:36, EXEC, v:1, k:ed@queimada, mode:FULL, rate:14, size:55
2026-04-07 00:50:59, EXEC, v:1, k:ed@queimada, mode:FULL, rate:0, size:59
2026-04-07 00:51:07, EXEC, v:1, k:ed@queimada, mode:FULL, rate:0, size:59
2026-04-07 00:51:30, EXEC, v:1, k:ed@queimada, mode:FULL, rate:0
2026-04-07 00:52:22, EXEC, v:1, k:ed@queimada, mode:FULL, rate:0
2026-04-07 00:53:14, EXEC, v:1, k:ed@queimada, mode:FULL, rate:0, size:59
2026-04-07 00:53:32, EXEC, v:1, k:ed@queimada, mode:FULL, rate:0, size:59
2026-04-07 00:55:53, EXEC, v:1, k:ed@queimada, mode:FULL, rate:100, size:55
2026-04-07 00:56:11, MOVE, v:1, k:ed@queimada, mode:BACK
2026-04-07 00:56:44, SELF, v:1, k:ed@queimada, self:1, rate:100, study:30, guided:1, concept:1
2026-04-07 00:57:07, SELF, v:1, k:ed@queimada, self:1, rate:100, study:30, guided:1, concept:1
2026-04-07 00:57:15, MOVE, v:1, k:ed@labirinto, mode:PICK
2026-04-07 00:57:16, EXEC, v:1, k:ed@labirinto, mode:FULL, rate:0, size:66
2026-04-07 00:57:19, MOVE, v:1, k:ed@labirinto, mode:BACK
2026-04-07 00:57:51, MOVE, v:1, k:ed@vetequals, mode:PICK
2026-04-07 00:57:51, EXEC, v:1, k:ed@vetequals, mode:FULL, rate:70, size:49
2026-04-07 01:04:12, EXEC, v:1, k:ed@vetequals, mode:FULL, rate:0, size:51
2026-04-07 01:04:22, MOVE, v:1, k:ed@vetequals, mode:BACK
