2026-04-13 08:22:26, MOVE, v:1, k:ed@fractais_png, mode:PICK
2026-04-13 08:24:10, EXEC, v:1, k:ed@fractais_png, mode:LOCK, rate:0
2026-04-13 08:24:58, EXEC, v:1, k:ed@fractais_png, mode:LOCK, rate:0, size:180
2026-04-13 08:25:23, EXEC, v:1, k:ed@fractais_png, mode:LOCK, rate:0, size:180
2026-04-13 08:25:23, MOVE, v:1, k:ed@fractais_png, mode:EDIT
2026-04-13 08:25:22, MOVE, v:1, k:ed@fractais_png, mode:EDIT
2026-04-13 08:24:58, MOVE, v:1, k:ed@fractais_png, mode:EDIT
2026-04-13 08:31:54, EXEC, v:1, k:ed@fractais_png, mode:LOCK, rate:0
2026-04-13 08:31:58, MOVE, v:1, k:ed@fractais_png, mode:BACK
2026-04-13 08:32:06, MOVE, v:1, k:ed@fractais_png, mode:PICK
2026-04-13 08:32:08, EXEC, v:1, k:ed@fractais_png, mode:LOCK, rate:0
2026-04-13 08:33:33, MOVE, v:1, k:ed@fractais_png, mode:BACK
2026-04-13 09:05:50, MOVE, v:1, k:ed@fractais_png, mode:PICK
2026-04-13 09:05:51, EXEC, v:1, k:ed@fractais_png, mode:LOCK, rate:0
2026-04-13 09:09:01, MOVE, v:1, k:ed@fractais_png, mode:BACK
2026-04-13 09:32:25, MOVE, v:1, k:ed@fractais_png, mode:PICK
2026-04-13 09:32:28, EXEC, v:1, k:ed@fractais_png, mode:LOCK, rate:0, size:136
2026-04-13 09:32:27, MOVE, v:1, k:ed@fractais_png, mode:EDIT
2026-04-13 09:51:53, EXEC, v:1, k:ed@fractais_png, mode:LOCK, rate:0, size:136
2026-04-13 09:51:33, MOVE, v:1, k:ed@fractais_png, mode:EDIT
2026-04-13 09:51:53, MOVE, v:1, k:ed@fractais_png, mode:EDIT
2026-04-13 09:52:47, MOVE, v:1, k:ed@fractais_png, mode:EDIT
2026-04-13 09:59:09, EXEC, v:1, k:ed@fractais_png, mode:LOCK, rate:0, size:136
2026-04-13 09:59:29, EXEC, v:1, k:ed@fractais_png, mode:LOCK, rate:0, size:136
2026-04-13 10:01:24, EXEC, v:1, k:ed@fractais_png, mode:LOCK, rate:0, size:176
2026-04-13 10:01:41, EXEC, v:1, k:ed@fractais_png, mode:LOCK, rate:0, size:176
2026-04-13 10:01:50, EXEC, v:1, k:ed@fractais_png, mode:LOCK, rate:0, size:176
2026-04-13 10:01:50, MOVE, v:1, k:ed@fractais_png, mode:EDIT
2026-04-13 10:01:49, MOVE, v:1, k:ed@fractais_png, mode:EDIT
2026-04-13 10:03:24, EXEC, v:1, k:ed@fractais_png, mode:LOCK, rate:0, size:178
2026-04-13 10:04:14, EXEC, v:1, k:ed@fractais_png, mode:LOCK, rate:0, size:180
2026-04-13 10:06:25, EXEC, v:1, k:ed@fractais_png, mode:LOCK, rate:0, size:180
2026-04-13 10:06:24, MOVE, v:1, k:ed@fractais_png, mode:EDIT
2026-04-13 10:06:25, MOVE, v:1, k:ed@fractais_png, mode:EDIT
2026-04-13 10:08:57, EXEC, v:1, k:ed@fractais_png, mode:LOCK, rate:0, size:182
2026-04-13 10:09:08, EXEC, v:1, k:ed@fractais_png, mode:LOCK, rate:0, size:182
2026-04-13 10:09:27, EXEC, v:1, k:ed@fractais_png, mode:LOCK, rate:0, size:182
2026-04-13 10:09:59, EXEC, v:1, k:ed@fractais_png, mode:LOCK, rate:0, size:181
2026-04-13 10:10:45, EXEC, v:1, k:ed@fractais_png, mode:LOCK, rate:0
2026-04-13 10:10:50, EXEC, v:1, k:ed@fractais_png, mode:LOCK, rate:0, size:181
2026-04-13 10:10:49, MOVE, v:1, k:ed@fractais_png, mode:EDIT
2026-04-13 10:10:50, MOVE, v:1, k:ed@fractais_png, mode:EDIT
2026-04-13 10:14:34, EXEC, v:1, k:ed@fractais_png, mode:LOCK, rate:0, size:165
2026-04-13 10:14:54, EXEC, v:1, k:ed@fractais_png, mode:LOCK, rate:0, size:165
2026-04-13 10:15:14, EXEC, v:1, k:ed@fractais_png, mode:LOCK, rate:0, size:165
2026-04-13 10:15:19, EXEC, v:1, k:ed@fractais_png, mode:LOCK, rate:0, size:165
2026-04-13 10:15:38, EXEC, v:1, k:ed@fractais_png, mode:LOCK, rate:0, size:165
2026-04-13 10:15:50, EXEC, v:1, k:ed@fractais_png, mode:LOCK, rate:0, size:165
2026-04-13 10:16:00, EXEC, v:1, k:ed@fractais_png, mode:LOCK, rate:0, size:165
2026-04-13 10:16:44, EXEC, v:1, k:ed@fractais_png, mode:LOCK, rate:0, size:165
2026-04-13 10:16:43, MOVE, v:1, k:ed@fractais_png, mode:EDIT
2026-04-13 10:16:44, MOVE, v:1, k:ed@fractais_png, mode:EDIT
2026-04-13 10:22:21, EXEC, v:1, k:ed@fractais_png, mode:LOCK, rate:0, size:165
2026-04-13 10:22:20, MOVE, v:1, k:ed@fractais_png, mode:EDIT
2026-04-13 10:22:21, MOVE, v:1, k:ed@fractais_png, mode:EDIT
2026-04-13 10:22:44, EXEC, v:1, k:ed@fractais_png, mode:LOCK, rate:0, size:166
2026-04-13 10:27:11, EXEC, v:1, k:ed@fractais_png, mode:LOCK, rate:0, size:168
2026-04-13 10:27:24, MOVE, v:1, k:ed@fractais_png, mode:EDIT
2026-04-13 10:27:11, MOVE, v:1, k:ed@fractais_png, mode:EDIT
2026-04-13 10:28:23, EXEC, v:1, k:ed@fractais_png, mode:LOCK, rate:0, size:170
2026-04-13 10:28:41, EXEC, v:1, k:ed@fractais_png, mode:LOCK, rate:0, size:171
2026-04-13 10:28:39, MOVE, v:1, k:ed@fractais_png, mode:EDIT
2026-04-13 10:28:41, MOVE, v:1, k:ed@fractais_png, mode:EDIT
2026-04-13 10:54:19, MOVE, v:1, k:ed@fractais_png, mode:BACK
2026-04-13 11:34:59, MOVE, v:1, k:ed@fractais_png, mode:PICK
2026-04-13 11:35:00, EXEC, v:1, k:ed@fractais_png, mode:LOCK, rate:0
2026-04-13 11:35:25, EXEC, v:1, k:ed@fractais_png, mode:LOCK, rate:0, size:171
2026-04-13 11:36:15, EXEC, v:1, k:ed@fractais_png, mode:LOCK, rate:0, size:171
2026-04-13 11:36:30, EXEC, v:1, k:ed@fractais_png, mode:LOCK, rate:0, size:171
2026-04-13 11:36:37, EXEC, v:1, k:ed@fractais_png, mode:LOCK, rate:0, size:171
2026-04-13 11:36:45, EXEC, v:1, k:ed@fractais_png, mode:LOCK, rate:0, size:171
2026-04-13 11:36:52, EXEC, v:1, k:ed@fractais_png, mode:LOCK, rate:0, size:171
2026-04-13 11:37:06, EXEC, v:1, k:ed@fractais_png, mode:LOCK, rate:0, size:171
2026-04-13 11:37:26, EXEC, v:1, k:ed@fractais_png, mode:LOCK, rate:0, size:171
2026-04-13 11:37:41, EXEC, v:1, k:ed@fractais_png, mode:LOCK, rate:0, size:172
2026-04-13 11:37:51, EXEC, v:1, k:ed@fractais_png, mode:LOCK, rate:0, size:172
2026-04-13 11:37:56, EXEC, v:1, k:ed@fractais_png, mode:LOCK, rate:0, size:172
2026-04-13 11:39:52, EXEC, v:1, k:ed@fractais_png, mode:LOCK, rate:0, size:167
2026-04-13 11:35:00, MOVE, v:1, k:ed@fractais_png, mode:EDIT
2026-04-13 11:39:47, MOVE, v:1, k:ed@fractais_png, mode:EDIT
2026-04-13 11:39:52, MOVE, v:1, k:ed@fractais_png, mode:EDIT
2026-04-13 11:40:07, EXEC, v:1, k:ed@fractais_png, mode:LOCK, rate:0, size:167
2026-04-13 11:40:08, EXEC, v:1, k:ed@fractais_png, mode:LOCK, rate:0
2026-04-13 11:40:13, EXEC, v:1, k:ed@fractais_png, mode:LOCK, rate:0
2026-04-13 11:40:16, MOVE, v:1, k:ed@fractais_png, mode:BACK
2026-04-13 11:40:17, MOVE, v:1, k:ed@fractais_png, mode:PICK
2026-04-13 11:40:18, EXEC, v:1, k:ed@fractais_png, mode:LOCK, rate:0
2026-04-13 11:44:15, EXEC, v:1, k:ed@fractais_png, mode:LOCK, rate:0, size:174
2026-04-13 11:44:26, EXEC, v:1, k:ed@fractais_png, mode:LOCK, rate:0, size:174
2026-04-13 11:44:29, EXEC, v:1, k:ed@fractais_png, mode:LOCK, rate:0, size:174
2026-04-13 11:44:58, EXEC, v:1, k:ed@fractais_png, mode:LOCK, rate:0, size:174
2026-04-13 11:44:57, MOVE, v:1, k:ed@fractais_png, mode:EDIT
2026-04-13 11:44:58, MOVE, v:1, k:ed@fractais_png, mode:EDIT
2026-04-13 11:45:03, EXEC, v:1, k:ed@fractais_png, mode:LOCK, rate:0
2026-04-13 11:45:28, EXEC, v:1, k:ed@fractais_png, mode:LOCK, rate:0, size:174
2026-04-13 11:45:33, EXEC, v:1, k:ed@fractais_png, mode:LOCK, rate:0, size:174
2026-04-13 11:45:40, EXEC, v:1, k:ed@fractais_png, mode:LOCK, rate:0, size:174
2026-04-13 11:45:57, EXEC, v:1, k:ed@fractais_png, mode:LOCK, rate:0, size:174
2026-04-13 11:46:01, EXEC, v:1, k:ed@fractais_png, mode:LOCK, rate:0, size:174
2026-04-13 11:46:21, EXEC, v:1, k:ed@fractais_png, mode:LOCK, rate:0, size:174
2026-04-13 11:46:33, EXEC, v:1, k:ed@fractais_png, mode:LOCK, rate:0, size:174
2026-04-13 11:46:40, EXEC, v:1, k:ed@fractais_png, mode:LOCK, rate:0, size:174
2026-04-13 11:46:45, EXEC, v:1, k:ed@fractais_png, mode:LOCK, rate:0, size:174
2026-04-13 11:47:30, EXEC, v:1, k:ed@fractais_png, mode:LOCK, rate:0, size:174
2026-04-13 11:47:36, EXEC, v:1, k:ed@fractais_png, mode:LOCK, rate:0, size:174
2026-04-13 11:47:42, EXEC, v:1, k:ed@fractais_png, mode:LOCK, rate:0, size:174
2026-04-13 11:47:47, EXEC, v:1, k:ed@fractais_png, mode:LOCK, rate:0, size:174
2026-04-13 11:47:53, EXEC, v:1, k:ed@fractais_png, mode:LOCK, rate:0, size:174
2026-04-13 11:48:00, EXEC, v:1, k:ed@fractais_png, mode:LOCK, rate:0, size:174
2026-04-13 11:48:56, EXEC, v:1, k:ed@fractais_png, mode:LOCK, rate:0, size:174
2026-04-13 11:49:02, EXEC, v:1, k:ed@fractais_png, mode:LOCK, rate:0, size:174
2026-04-13 11:49:07, EXEC, v:1, k:ed@fractais_png, mode:LOCK, rate:0, size:174
2026-04-13 11:49:16, EXEC, v:1, k:ed@fractais_png, mode:LOCK, rate:0, size:174
2026-04-13 11:49:24, EXEC, v:1, k:ed@fractais_png, mode:LOCK, rate:0, size:174
2026-04-13 11:49:38, MOVE, v:1, k:ed@fractais_png, mode:PICK
2026-04-13 11:49:39, EXEC, v:1, k:ed@fractais_png, mode:LOCK, rate:0
2026-04-13 11:49:45, EXEC, v:1, k:ed@fractais_png, mode:LOCK, rate:0, size:174
2026-04-13 11:49:55, EXEC, v:1, k:ed@fractais_png, mode:LOCK, rate:0, size:174
2026-04-13 11:50:04, EXEC, v:1, k:ed@fractais_png, mode:LOCK, rate:0, size:174
2026-04-13 11:50:11, EXEC, v:1, k:ed@fractais_png, mode:LOCK, rate:0, size:174
2026-04-13 11:51:00, EXEC, v:1, k:ed@fractais_png, mode:LOCK, rate:0, size:174
2026-04-13 11:51:05, EXEC, v:1, k:ed@fractais_png, mode:LOCK, rate:0, size:174
2026-04-13 11:51:43, EXEC, v:1, k:ed@fractais_png, mode:LOCK, rate:0, size:174
2026-04-13 11:51:48, EXEC, v:1, k:ed@fractais_png, mode:LOCK, rate:0, size:174
2026-04-13 11:52:01, EXEC, v:1, k:ed@fractais_png, mode:LOCK, rate:0, size:174
2026-04-13 11:52:40, EXEC, v:1, k:ed@fractais_png, mode:LOCK, rate:0, size:174
2026-04-13 11:52:40, MOVE, v:1, k:ed@fractais_png, mode:EDIT
2026-04-13 11:52:39, MOVE, v:1, k:ed@fractais_png, mode:EDIT
2026-04-13 11:59:20, EXEC, v:1, k:ed@fractais_png, mode:LOCK, rate:0, size:179
2026-04-13 11:59:31, MOVE, v:1, k:ed@fractais_png, mode:EDIT
2026-04-13 11:59:20, MOVE, v:1, k:ed@fractais_png, mode:EDIT
2026-04-13 11:59:55, EXEC, v:1, k:ed@fractais_png, mode:LOCK, rate:0, size:181
2026-04-13 12:00:14, EXEC, v:1, k:ed@fractais_png, mode:LOCK, rate:0, size:174
2026-04-13 12:04:20, EXEC, v:1, k:ed@fractais_png, mode:LOCK, rate:0, size:179
2026-04-13 12:02:53, MOVE, v:1, k:ed@fractais_png, mode:EDIT
2026-04-13 12:04:20, MOVE, v:1, k:ed@fractais_png, mode:EDIT
2026-04-13 12:04:44, EXEC, v:1, k:ed@fractais_png, mode:LOCK, rate:0, size:174
2026-04-13 12:05:16, EXEC, v:1, k:ed@fractais_png, mode:LOCK, rate:0, size:179
2026-04-13 12:05:24, EXEC, v:1, k:ed@fractais_png, mode:LOCK, rate:0, size:174
2026-04-13 12:05:39, MOVE, v:1, k:ed@fractais_png, mode:BACK
2026-04-13 12:06:32, SELF, v:1, k:ed@fractais_png, self:1, rate:10, concept:1
2026-04-13 12:12:07, MOVE, v:1, k:ed@fractais_png, mode:PICK
2026-04-13 12:12:09, MOVE, v:1, k:ed@fractais_png, mode:BACK
2026-04-13 19:01:13, MOVE, v:1, k:ed@fractais_png, mode:PICK
2026-04-13 19:01:14, EXEC, v:1, k:ed@fractais_png, mode:LOCK, rate:0
2026-04-13 19:01:22, EXEC, v:1, k:ed@fractais_png, mode:LOCK, rate:0
2026-04-13 19:01:24, MOVE, v:1, k:ed@fractais_png, mode:BACK
2026-04-13 19:01:27, MOVE, v:1, k:ed@fractais_png, mode:PICK
2026-04-13 19:02:34, MOVE, v:1, k:ed@fractais_png, mode:BACK
2026-04-13 19:02:36, MOVE, v:1, k:ed@fractais_png, mode:PICK
2026-04-13 19:02:37, EXEC, v:1, k:ed@fractais_png, mode:LOCK, rate:0
2026-04-13 19:04:14, EXEC, v:1, k:ed@fractais_png, mode:LOCK, rate:0, size:127
2026-04-13 19:05:08, EXEC, v:1, k:ed@fractais_png, mode:LOCK, rate:0, size:129
2026-04-13 19:05:15, EXEC, v:1, k:ed@fractais_png, mode:LOCK, rate:0, size:129
2026-04-13 19:05:22, EXEC, v:1, k:ed@fractais_png, mode:LOCK, rate:0, size:129
2026-04-13 19:05:26, EXEC, v:1, k:ed@fractais_png, mode:LOCK, rate:0, size:129
2026-04-13 19:05:35, EXEC, v:1, k:ed@fractais_png, mode:LOCK, rate:0, size:129
2026-04-13 19:05:40, EXEC, v:1, k:ed@fractais_png, mode:LOCK, rate:0, size:129
2026-04-13 19:05:40, MOVE, v:1, k:ed@fractais_png, mode:EDIT
2026-04-13 19:05:39, MOVE, v:1, k:ed@fractais_png, mode:EDIT
2026-04-13 19:09:54, EXEC, v:1, k:ed@fractais_png, mode:LOCK, rate:0, size:129
2026-04-13 19:10:56, MOVE, v:1, k:ed@fractais_png, mode:EDIT
2026-04-13 19:09:54, MOVE, v:1, k:ed@fractais_png, mode:EDIT
2026-04-13 19:11:14, EXEC, v:1, k:ed@fractais_png, mode:LOCK, rate:0, size:132
2026-04-13 19:12:58, EXEC, v:1, k:ed@fractais_png, mode:LOCK, rate:0, size:141
2026-04-13 19:13:06, EXEC, v:1, k:ed@fractais_png, mode:LOCK, rate:0, size:141
2026-04-13 19:13:13, EXEC, v:1, k:ed@fractais_png, mode:LOCK, rate:0, size:141
2026-04-13 19:13:30, EXEC, v:1, k:ed@fractais_png, mode:LOCK, rate:0, size:141
2026-04-13 19:13:34, EXEC, v:1, k:ed@fractais_png, mode:LOCK, rate:0
2026-04-13 19:13:39, EXEC, v:1, k:ed@fractais_png, mode:LOCK, rate:0, size:141
2026-04-13 19:13:58, EXEC, v:1, k:ed@fractais_png, mode:LOCK, rate:0, size:141
2026-04-13 19:14:10, EXEC, v:1, k:ed@fractais_png, mode:LOCK, rate:0, size:141
2026-04-13 19:14:45, EXEC, v:1, k:ed@fractais_png, mode:LOCK, rate:0, size:141
2026-04-13 19:14:44, MOVE, v:1, k:ed@fractais_png, mode:EDIT
2026-04-13 19:14:45, MOVE, v:1, k:ed@fractais_png, mode:EDIT
2026-04-13 19:16:48, EXEC, v:1, k:ed@fractais_png, mode:LOCK, rate:0, size:141
2026-04-13 19:18:19, EXEC, v:1, k:ed@fractais_png, mode:LOCK, rate:0, size:141
2026-04-13 19:19:37, EXEC, v:1, k:ed@fractais_png, mode:LOCK, rate:0, size:219
2026-04-13 19:20:29, EXEC, v:1, k:ed@fractais_png, mode:LOCK, rate:0, size:141
2026-04-13 19:20:29, MOVE, v:1, k:ed@fractais_png, mode:EDIT
2026-04-13 19:19:37, MOVE, v:1, k:ed@fractais_png, mode:EDIT
2026-04-13 19:20:29, MOVE, v:1, k:ed@fractais_png, mode:EDIT
2026-04-13 19:26:01, EXEC, v:1, k:ed@fractais_png, mode:LOCK, rate:0
2026-04-13 19:27:07, EXEC, v:1, k:ed@fractais_png, mode:LOCK, rate:0, size:147
2026-04-13 19:27:21, EXEC, v:1, k:ed@fractais_png, mode:LOCK, rate:0, size:141
2026-04-13 19:27:21, MOVE, v:1, k:ed@fractais_png, mode:EDIT
2026-04-13 19:27:20, MOVE, v:1, k:ed@fractais_png, mode:EDIT
2026-04-13 19:37:35, EXEC, v:1, k:ed@fractais_png, mode:LOCK, rate:0
2026-04-13 19:37:50, EXEC, v:1, k:ed@fractais_png, mode:LOCK, rate:0, size:141
2026-04-13 19:37:55, EXEC, v:1, k:ed@fractais_png, mode:LOCK, rate:0, size:141
2026-04-13 19:38:07, EXEC, v:1, k:ed@fractais_png, mode:LOCK, rate:0, size:141
2026-04-13 19:38:20, EXEC, v:1, k:ed@fractais_png, mode:LOCK, rate:0, size:141
2026-04-13 19:38:28, EXEC, v:1, k:ed@fractais_png, mode:LOCK, rate:0, size:141
2026-04-13 19:38:36, EXEC, v:1, k:ed@fractais_png, mode:LOCK, rate:0, size:141
2026-04-13 19:38:46, EXEC, v:1, k:ed@fractais_png, mode:LOCK, rate:0, size:141
2026-04-13 19:39:10, EXEC, v:1, k:ed@fractais_png, mode:LOCK, rate:0, size:141
2026-04-13 19:39:17, EXEC, v:1, k:ed@fractais_png, mode:LOCK, rate:0, size:141
2026-04-13 19:39:37, EXEC, v:1, k:ed@fractais_png, mode:LOCK, rate:0, size:141
2026-04-13 19:39:41, EXEC, v:1, k:ed@fractais_png, mode:LOCK, rate:0, size:141
2026-04-13 19:39:58, EXEC, v:1, k:ed@fractais_png, mode:LOCK, rate:0, size:141
2026-04-13 19:39:58, MOVE, v:1, k:ed@fractais_png, mode:EDIT
2026-04-13 19:39:57, MOVE, v:1, k:ed@fractais_png, mode:EDIT
2026-04-13 20:14:36, EXEC, v:1, k:ed@fractais_png, mode:LOCK, rate:0
2026-04-13 20:14:36, MOVE, v:1, k:ed@fractais_png, mode:EDIT
