2026-03-18 00:25:48, MOVE, v:1, k:ed@mumia, mode:PICK
2026-03-18 00:25:52, EXEC, v:1, k:ed@mumia, mode:FULL, rate:55
2026-03-18 00:26:24, EXEC, v:1, k:ed@mumia, mode:FULL, rate:55, size:19
2026-03-18 00:26:30, EXEC, v:1, k:ed@mumia, mode:FULL, rate:55, size:19
2026-03-18 00:26:44, EXEC, v:1, k:ed@mumia, mode:FULL, rate:55, size:19
2026-03-18 00:27:33, EXEC, v:1, k:ed@mumia, mode:FULL, rate:55, size:19
2026-03-18 00:27:46, EXEC, v:1, k:ed@mumia, mode:FULL, rate:55, size:19
2026-03-18 00:27:54, EXEC, v:1, k:ed@mumia, mode:FULL, rate:44, size:19
2026-03-18 00:28:10, EXEC, v:1, k:ed@mumia, mode:FULL, rate:55, size:19
2026-03-18 00:30:04, EXEC, v:1, k:ed@mumia, mode:FULL, rate:55, size:21
2026-03-18 00:30:16, EXEC, v:1, k:ed@mumia, mode:FULL, rate:77, size:21
2026-03-18 00:30:41, EXEC, v:1, k:ed@mumia, mode:FULL, rate:88, size:21
2026-03-18 00:30:45, EXEC, v:1, k:ed@mumia, mode:FULL, rate:88, size:21
2026-03-18 00:30:59, EXEC, v:1, k:ed@mumia, mode:FULL, rate:88, size:21
2026-03-18 00:31:09, EXEC, v:1, k:ed@mumia, mode:FULL, rate:100, size:21
2026-03-18 00:31:18, MOVE, v:1, k:ed@mumia, mode:BACK
2026-03-18 00:31:27, MOVE, v:1, k:ed@mumia, mode:PICK
2026-03-18 00:31:28, MOVE, v:1, k:ed@mumia, mode:BACK
2026-03-18 00:31:33, MOVE, v:1, k:ed@fuga, mode:DOWN
2026-03-18 00:31:50, MOVE, v:1, k:ed@fuga, mode:PICK
2026-03-18 00:35:06, EXEC, v:1, k:ed@fuga, mode:FULL, rate:0, size:9
2026-03-18 00:42:16, EXEC, v:1, k:ed@fuga, mode:FULL, rate:0, size:16
2026-03-18 00:42:38, EXEC, v:1, k:ed@fuga, mode:FULL, rate:0, size:18
2026-03-18 00:42:51, EXEC, v:1, k:ed@fuga, mode:FULL, rate:0, size:20
2026-03-18 00:43:46, EXEC, v:1, k:ed@fuga, mode:FULL, rate:0, size:20
2026-03-18 00:44:02, EXEC, v:1, k:ed@fuga, mode:FULL, rate:0, size:20
2026-03-18 00:44:08, EXEC, v:1, k:ed@fuga, mode:FULL, rate:70, size:20
2026-03-18 00:51:05, EXEC, v:1, k:ed@fuga, mode:FULL, rate:70, size:20
2026-03-18 00:51:34, EXEC, v:1, k:ed@fuga, mode:FULL, rate:30, size:20
2026-03-18 00:51:40, EXEC, v:1, k:ed@fuga, mode:FULL, rate:70, size:20
2026-03-18 00:52:00, EXEC, v:1, k:ed@fuga, mode:FULL, rate:70, size:20
2026-03-18 00:53:59, EXEC, v:1, k:ed@fuga, mode:FULL, rate:70, size:20
2026-03-18 00:54:07, EXEC, v:1, k:ed@fuga, mode:FULL, rate:70, size:20
2026-03-18 00:54:41, EXEC, v:1, k:ed@fuga, mode:FULL, rate:70
2026-03-18 00:56:44, EXEC, v:1, k:ed@fuga, mode:FULL, rate:0, size:21
2026-03-18 00:57:12, EXEC, v:1, k:ed@fuga, mode:FULL, rate:0
2026-03-18 00:57:18, EXEC, v:1, k:ed@fuga, mode:FULL, rate:70, size:20
2026-03-18 01:04:01, EXEC, v:1, k:ed@fuga, mode:FULL, rate:0, size:27
2026-03-18 01:04:06, EXEC, v:1, k:ed@fuga, mode:FULL, rate:0, size:26
2026-03-18 01:04:13, EXEC, v:1, k:ed@fuga, mode:FULL, rate:80
2026-03-18 01:05:34, EXEC, v:1, k:ed@fuga, mode:FULL, rate:80, size:24
2026-03-18 01:05:56, EXEC, v:1, k:ed@fuga, mode:FULL, rate:80, size:24
2026-03-18 01:12:24, EXEC, v:1, k:ed@fuga, mode:FULL, rate:100, size:24
2026-03-18 01:12:44, MOVE, v:1, k:ed@fuga, mode:BACK
